[ 2025-10-12 22:57:12,771 ] 1025  httpx - INFO - HTTP Request: GET https://dagshub.com/api/v1/user "HTTP/1.1 200 OK"
[ 2025-10-12 22:57:12,774 ] 107  dagshub - INFO - Accessing as Supreme337
[ 2025-10-12 22:57:13,974 ] 1025  httpx - INFO - HTTP Request: GET https://dagshub.com/api/v1/repos/Supreme337/NetworkSecurity "HTTP/1.1 200 OK"
[ 2025-10-12 22:57:15,149 ] 1025  httpx - INFO - HTTP Request: GET https://dagshub.com/api/v1/user "HTTP/1.1 200 OK"
[ 2025-10-12 22:57:15,150 ] 107  dagshub - INFO - Initialized MLflow to track repo "Supreme337/NetworkSecurity"
[ 2025-10-12 22:57:15,151 ] 107  dagshub - INFO - Repository Supreme337/NetworkSecurity initialized!
[ 2025-10-12 22:57:15,151 ] 20  root - INFO - Initiate the data ingestion
[ 2025-10-12 22:57:23,380 ] 60  root - INFO - Performed train test split on the dataframe
[ 2025-10-12 22:57:23,380 ] 61  root - INFO - Exited split_data_as_train_test method of Data_Ingestion class
[ 2025-10-12 22:57:23,380 ] 65  root - INFO - Exporting train and test file path.
[ 2025-10-12 22:57:23,421 ] 69  root - INFO - Exported train and test file path.
[ 2025-10-12 22:57:23,421 ] 22  root - INFO - Data Initiation Completed
[ 2025-10-12 22:57:23,426 ] 26  root - INFO - Initiate the data Validation
[ 2025-10-12 22:57:23,463 ] 30  root - INFO - No. of columns required for validation:2
[ 2025-10-12 22:57:23,463 ] 31  root - INFO - No of columns in dataframe31
[ 2025-10-12 22:57:23,463 ] 30  root - INFO - No. of columns required for validation:2
[ 2025-10-12 22:57:23,463 ] 31  root - INFO - No of columns in dataframe31
[ 2025-10-12 22:57:23,559 ] 28  root - INFO - data Validation Completed
[ 2025-10-12 22:57:23,560 ] 31  root - INFO - data Transformation started
[ 2025-10-12 22:57:23,560 ] 47  root - INFO - Started Data Trasnformation
[ 2025-10-12 22:57:23,575 ] 36  root - INFO - Entered get_data_trnasformer_object method of Transformation class
[ 2025-10-12 22:57:23,575 ] 39  root - INFO - Initialize KNNImputer with {'missing_values': nan, 'n_neighbors': 3, 'weights': 'uniform'}
[ 2025-10-12 22:57:23,582 ] 37  root - INFO - Entered the save_object method of MainUtils class
[ 2025-10-12 22:57:23,585 ] 41  root - INFO - Exited the save_object method of MainUtils class
[ 2025-10-12 22:57:23,585 ] 37  root - INFO - Entered the save_object method of MainUtils class
[ 2025-10-12 22:57:23,587 ] 41  root - INFO - Exited the save_object method of MainUtils class
[ 2025-10-12 22:57:23,588 ] 35  root - INFO - data Transformation completed
[ 2025-10-12 22:57:23,588 ] 37  root - INFO - Model Training sstared
[ 2025-10-12 22:57:23,600 ] 42  root - INFO - Model Training artifact created
