[ 2025-10-15 17:58:22,962 ] 1025  httpx - INFO - HTTP Request: GET https://dagshub.com/api/v1/user "HTTP/1.1 200 OK"
[ 2025-10-15 17:58:22,967 ] 107  dagshub - INFO - Accessing as Supreme337
[ 2025-10-15 17:58:24,489 ] 1025  httpx - INFO - HTTP Request: GET https://dagshub.com/api/v1/repos/Supreme337/NetworkSecurity "HTTP/1.1 200 OK"
[ 2025-10-15 17:58:25,623 ] 1025  httpx - INFO - HTTP Request: GET https://dagshub.com/api/v1/user "HTTP/1.1 200 OK"
[ 2025-10-15 17:58:25,624 ] 107  dagshub - INFO - Initialized MLflow to track repo "Supreme337/NetworkSecurity"
[ 2025-10-15 17:58:25,624 ] 107  dagshub - INFO - Repository Supreme337/NetworkSecurity initialized!
[ 2025-10-15 17:58:25,625 ] 20  root - INFO - Initiate the data ingestion
[ 2025-10-15 17:58:33,008 ] 60  root - INFO - Performed train test split on the dataframe
[ 2025-10-15 17:58:33,008 ] 61  root - INFO - Exited split_data_as_train_test method of Data_Ingestion class
[ 2025-10-15 17:58:33,009 ] 65  root - INFO - Exporting train and test file path.
[ 2025-10-15 17:58:33,051 ] 69  root - INFO - Exported train and test file path.
[ 2025-10-15 17:58:33,051 ] 22  root - INFO - Data Initiation Completed
[ 2025-10-15 17:58:33,056 ] 26  root - INFO - Initiate the data Validation
[ 2025-10-15 17:58:33,094 ] 30  root - INFO - No. of columns required for validation:2
[ 2025-10-15 17:58:33,094 ] 31  root - INFO - No of columns in dataframe31
[ 2025-10-15 17:58:33,094 ] 30  root - INFO - No. of columns required for validation:2
[ 2025-10-15 17:58:33,094 ] 31  root - INFO - No of columns in dataframe31
[ 2025-10-15 17:58:33,203 ] 28  root - INFO - data Validation Completed
[ 2025-10-15 17:58:33,203 ] 31  root - INFO - data Transformation started
[ 2025-10-15 17:58:33,203 ] 47  root - INFO - Started Data Trasnformation
[ 2025-10-15 17:58:33,218 ] 36  root - INFO - Entered get_data_trnasformer_object method of Transformation class
[ 2025-10-15 17:58:33,218 ] 39  root - INFO - Initialize KNNImputer with {'missing_values': nan, 'n_neighbors': 3, 'weights': 'uniform'}
[ 2025-10-15 17:58:33,225 ] 39  root - INFO - Entered the save_object method of MainUtils class
[ 2025-10-15 17:58:33,227 ] 43  root - INFO - Exited the save_object method of MainUtils class
[ 2025-10-15 17:58:33,227 ] 39  root - INFO - Entered the save_object method of MainUtils class
[ 2025-10-15 17:58:33,229 ] 43  root - INFO - Exited the save_object method of MainUtils class
[ 2025-10-15 17:58:33,230 ] 35  root - INFO - data Transformation completed
[ 2025-10-15 17:58:33,230 ] 37  root - INFO - Model Training started
[ 2025-10-15 17:58:33,243 ] 143  root - INFO - Starting model training...
[ 2025-10-15 18:08:47,462 ] 56  root - INFO - Model logged as an artifact (DagsHub-compatible).
[ 2025-10-15 18:11:33,741 ] 56  root - INFO - Model logged as an artifact (DagsHub-compatible).
