[ 2025-10-12 21:42:59,184 ] 20  root - INFO - Initiate the data ingestion
[ 2025-10-12 21:43:09,998 ] 60  root - INFO - Performed train test split on the dataframe
[ 2025-10-12 21:43:09,998 ] 61  root - INFO - Exited split_data_as_train_test method of Data_Ingestion class
[ 2025-10-12 21:43:09,999 ] 65  root - INFO - Exporting train and test file path.
[ 2025-10-12 21:43:10,038 ] 69  root - INFO - Exported train and test file path.
[ 2025-10-12 21:43:10,039 ] 22  root - INFO - Data Initiation Completed
[ 2025-10-12 21:43:10,043 ] 26  root - INFO - Initiate the data Validation
[ 2025-10-12 21:43:10,081 ] 30  root - INFO - No. of columns required for validation:2
[ 2025-10-12 21:43:10,081 ] 31  root - INFO - No of columns in dataframe31
[ 2025-10-12 21:43:10,081 ] 30  root - INFO - No. of columns required for validation:2
[ 2025-10-12 21:43:10,081 ] 31  root - INFO - No of columns in dataframe31
[ 2025-10-12 21:43:10,187 ] 28  root - INFO - data Validation Completed
[ 2025-10-12 21:43:10,187 ] 31  root - INFO - data Transformation started
[ 2025-10-12 21:43:10,187 ] 47  root - INFO - Started Data Trasnformation
[ 2025-10-12 21:43:10,201 ] 36  root - INFO - Entered get_data_trnasformer_object method of Transformation class
[ 2025-10-12 21:43:10,202 ] 39  root - INFO - Initialize KNNImputer with {'missing_values': nan, 'n_neighbors': 3, 'weights': 'uniform'}
[ 2025-10-12 21:43:10,208 ] 37  root - INFO - Entered the save_object method of MainUtils class
[ 2025-10-12 21:43:10,210 ] 41  root - INFO - Exited the save_object method of MainUtils class
[ 2025-10-12 21:43:10,210 ] 37  root - INFO - Entered the save_object method of MainUtils class
[ 2025-10-12 21:43:10,212 ] 41  root - INFO - Exited the save_object method of MainUtils class
