[ 2025-10-16 02:41:25,107 ] 1025  httpx - INFO - HTTP Request: GET https://dagshub.com/api/v1/user "HTTP/1.1 200 OK"
[ 2025-10-16 02:41:25,115 ] 107  dagshub - INFO - Accessing as Supreme337
[ 2025-10-16 02:41:26,617 ] 1025  httpx - INFO - HTTP Request: GET https://dagshub.com/api/v1/repos/Supreme337/NetworkSecurity "HTTP/1.1 200 OK"
[ 2025-10-16 02:41:27,953 ] 1025  httpx - INFO - HTTP Request: GET https://dagshub.com/api/v1/user "HTTP/1.1 200 OK"
[ 2025-10-16 02:41:27,957 ] 107  dagshub - INFO - Initialized MLflow to track repo "Supreme337/NetworkSecurity"
[ 2025-10-16 02:41:27,958 ] 107  dagshub - INFO - Repository Supreme337/NetworkSecurity initialized!
[ 2025-10-16 02:41:27,958 ] 20  root - INFO - Initiate the data ingestion
[ 2025-10-16 02:41:47,475 ] 60  root - INFO - Performed train test split on the dataframe
[ 2025-10-16 02:41:47,476 ] 61  root - INFO - Exited split_data_as_train_test method of Data_Ingestion class
[ 2025-10-16 02:41:47,476 ] 65  root - INFO - Exporting train and test file path.
[ 2025-10-16 02:41:47,556 ] 69  root - INFO - Exported train and test file path.
[ 2025-10-16 02:41:47,557 ] 22  root - INFO - Data Initiation Completed
[ 2025-10-16 02:41:47,566 ] 26  root - INFO - Initiate the data Validation
[ 2025-10-16 02:41:47,593 ] 30  root - INFO - No. of columns required for validation:2
[ 2025-10-16 02:41:47,593 ] 31  root - INFO - No of columns in dataframe31
[ 2025-10-16 02:41:47,593 ] 30  root - INFO - No. of columns required for validation:2
[ 2025-10-16 02:41:47,593 ] 31  root - INFO - No of columns in dataframe31
[ 2025-10-16 02:41:47,757 ] 28  root - INFO - data Validation Completed
[ 2025-10-16 02:41:47,757 ] 31  root - INFO - data Transformation started
[ 2025-10-16 02:41:47,757 ] 47  root - INFO - Started Data Trasnformation
[ 2025-10-16 02:41:47,790 ] 36  root - INFO - Entered get_data_trnasformer_object method of Transformation class
[ 2025-10-16 02:41:47,790 ] 39  root - INFO - Initialize KNNImputer with {'missing_values': nan, 'n_neighbors': 3, 'weights': 'uniform'}
[ 2025-10-16 02:41:47,803 ] 39  root - INFO - Entered the save_object method of MainUtils class
[ 2025-10-16 02:41:47,805 ] 43  root - INFO - Exited the save_object method of MainUtils class
[ 2025-10-16 02:41:47,805 ] 39  root - INFO - Entered the save_object method of MainUtils class
[ 2025-10-16 02:41:47,808 ] 43  root - INFO - Exited the save_object method of MainUtils class
[ 2025-10-16 02:41:47,809 ] 35  root - INFO - data Transformation completed
[ 2025-10-16 02:41:47,809 ] 37  root - INFO - Model Training started
[ 2025-10-16 02:41:47,810 ] 133  root - INFO - Starting model training...
[ 2025-10-16 03:16:44,749 ] 50  root - INFO - Model logged as an artifact (DagsHub-compatible).
[ 2025-10-16 03:17:29,528 ] 50  root - INFO - Model logged as an artifact (DagsHub-compatible).
[ 2025-10-16 03:17:30,270 ] 39  root - INFO - Entered the save_object method of MainUtils class
[ 2025-10-16 03:17:30,329 ] 43  root - INFO - Exited the save_object method of MainUtils class
[ 2025-10-16 03:17:30,329 ] 39  root - INFO - Entered the save_object method of MainUtils class
[ 2025-10-16 03:17:30,365 ] 43  root - INFO - Exited the save_object method of MainUtils class
[ 2025-10-16 03:17:30,365 ] 113  root - INFO - Model trainer artifact:ModelTrainerArtifact(trained_model_file_path='Artifacts/10_16_2025_02_41_20/model_trainer/trained_model/model.pkl', train_metric_artifact=ClassificationMetricArtifact(f1_score=0.9913061059441973, precision_score=0.9899051080153443, recall_score=0.9927110751164203), test_metric_artifact=ClassificationMetricArtifact(f1_score=0.9710085749285423, precision_score=0.9658813972380179, recall_score=0.9761904761904762))
[ 2025-10-16 03:17:30,368 ] 135  root - INFO - Model training completed successfully.
[ 2025-10-16 03:17:30,368 ] 42  root - INFO - Model Training artifact created
