[ 2025-10-15 16:31:56,882 ] 1025  httpx - INFO - HTTP Request: GET https://dagshub.com/api/v1/user "HTTP/1.1 200 OK"
[ 2025-10-15 16:31:56,888 ] 107  dagshub - INFO - Accessing as Supreme337
[ 2025-10-15 16:31:58,109 ] 1025  httpx - INFO - HTTP Request: GET https://dagshub.com/api/v1/repos/Supreme337/NetworkSecurity "HTTP/1.1 200 OK"
[ 2025-10-15 16:31:59,233 ] 1025  httpx - INFO - HTTP Request: GET https://dagshub.com/api/v1/user "HTTP/1.1 200 OK"
[ 2025-10-15 16:31:59,234 ] 107  dagshub - INFO - Initialized MLflow to track repo "Supreme337/NetworkSecurity"
[ 2025-10-15 16:31:59,235 ] 107  dagshub - INFO - Repository Supreme337/NetworkSecurity initialized!
[ 2025-10-15 16:31:59,235 ] 20  root - INFO - Initiate the data ingestion
[ 2025-10-15 16:32:07,128 ] 60  root - INFO - Performed train test split on the dataframe
[ 2025-10-15 16:32:07,128 ] 61  root - INFO - Exited split_data_as_train_test method of Data_Ingestion class
[ 2025-10-15 16:32:07,128 ] 65  root - INFO - Exporting train and test file path.
[ 2025-10-15 16:32:07,172 ] 69  root - INFO - Exported train and test file path.
[ 2025-10-15 16:32:07,173 ] 22  root - INFO - Data Initiation Completed
[ 2025-10-15 16:32:07,186 ] 26  root - INFO - Initiate the data Validation
[ 2025-10-15 16:32:07,225 ] 30  root - INFO - No. of columns required for validation:2
[ 2025-10-15 16:32:07,225 ] 31  root - INFO - No of columns in dataframe31
[ 2025-10-15 16:32:07,225 ] 30  root - INFO - No. of columns required for validation:2
[ 2025-10-15 16:32:07,225 ] 31  root - INFO - No of columns in dataframe31
[ 2025-10-15 16:32:07,332 ] 28  root - INFO - data Validation Completed
[ 2025-10-15 16:32:07,332 ] 31  root - INFO - data Transformation started
[ 2025-10-15 16:32:07,332 ] 47  root - INFO - Started Data Trasnformation
[ 2025-10-15 16:32:07,348 ] 36  root - INFO - Entered get_data_trnasformer_object method of Transformation class
[ 2025-10-15 16:32:07,349 ] 39  root - INFO - Initialize KNNImputer with {'missing_values': nan, 'n_neighbors': 3, 'weights': 'uniform'}
[ 2025-10-15 16:32:07,356 ] 39  root - INFO - Entered the save_object method of MainUtils class
[ 2025-10-15 16:32:07,359 ] 43  root - INFO - Exited the save_object method of MainUtils class
[ 2025-10-15 16:32:07,359 ] 39  root - INFO - Entered the save_object method of MainUtils class
[ 2025-10-15 16:32:07,360 ] 43  root - INFO - Exited the save_object method of MainUtils class
[ 2025-10-15 16:32:07,362 ] 35  root - INFO - data Transformation completed
[ 2025-10-15 16:32:07,362 ] 37  root - INFO - Model Training started
[ 2025-10-15 16:32:07,376 ] 116  root - INFO - Starting model training...
