[ 2025-10-16 02:19:23,477 ] 1025  httpx - INFO - HTTP Request: GET https://dagshub.com/api/v1/user "HTTP/1.1 200 OK"
[ 2025-10-16 02:19:23,492 ] 107  dagshub - INFO - Accessing as Supreme337
[ 2025-10-16 02:19:25,676 ] 1025  httpx - INFO - HTTP Request: GET https://dagshub.com/api/v1/repos/Supreme337/NetworkSecurity "HTTP/1.1 200 OK"
[ 2025-10-16 02:19:28,908 ] 1025  httpx - INFO - HTTP Request: GET https://dagshub.com/api/v1/user "HTTP/1.1 200 OK"
[ 2025-10-16 02:19:28,909 ] 107  dagshub - INFO - Initialized MLflow to track repo "Supreme337/NetworkSecurity"
[ 2025-10-16 02:19:28,910 ] 107  dagshub - INFO - Repository Supreme337/NetworkSecurity initialized!
[ 2025-10-16 02:19:28,910 ] 20  root - INFO - Initiate the data ingestion
[ 2025-10-16 02:20:10,581 ] 60  root - INFO - Performed train test split on the dataframe
[ 2025-10-16 02:20:10,581 ] 61  root - INFO - Exited split_data_as_train_test method of Data_Ingestion class
[ 2025-10-16 02:20:10,582 ] 65  root - INFO - Exporting train and test file path.
[ 2025-10-16 02:20:10,658 ] 69  root - INFO - Exported train and test file path.
[ 2025-10-16 02:20:10,659 ] 22  root - INFO - Data Initiation Completed
[ 2025-10-16 02:20:10,682 ] 26  root - INFO - Initiate the data Validation
[ 2025-10-16 02:20:10,720 ] 30  root - INFO - No. of columns required for validation:2
[ 2025-10-16 02:20:10,721 ] 31  root - INFO - No of columns in dataframe31
[ 2025-10-16 02:20:10,721 ] 30  root - INFO - No. of columns required for validation:2
[ 2025-10-16 02:20:10,721 ] 31  root - INFO - No of columns in dataframe31
[ 2025-10-16 02:20:10,903 ] 28  root - INFO - data Validation Completed
[ 2025-10-16 02:20:10,903 ] 31  root - INFO - data Transformation started
[ 2025-10-16 02:20:10,903 ] 47  root - INFO - Started Data Trasnformation
[ 2025-10-16 02:20:10,940 ] 36  root - INFO - Entered get_data_trnasformer_object method of Transformation class
[ 2025-10-16 02:20:10,940 ] 39  root - INFO - Initialize KNNImputer with {'missing_values': nan, 'n_neighbors': 3, 'weights': 'uniform'}
[ 2025-10-16 02:20:10,956 ] 39  root - INFO - Entered the save_object method of MainUtils class
[ 2025-10-16 02:20:10,958 ] 43  root - INFO - Exited the save_object method of MainUtils class
[ 2025-10-16 02:20:10,958 ] 39  root - INFO - Entered the save_object method of MainUtils class
[ 2025-10-16 02:20:10,961 ] 43  root - INFO - Exited the save_object method of MainUtils class
[ 2025-10-16 02:20:10,964 ] 35  root - INFO - data Transformation completed
[ 2025-10-16 02:20:10,964 ] 37  root - INFO - Model Training started
[ 2025-10-16 02:20:10,965 ] 133  root - INFO - Starting model training...
[ 2025-10-16 02:36:10,465 ] 50  root - INFO - Model logged as an artifact (DagsHub-compatible).
[ 2025-10-16 02:36:18,902 ] 50  root - INFO - Model logged as an artifact (DagsHub-compatible).
[ 2025-10-16 02:36:19,736 ] 39  root - INFO - Entered the save_object method of MainUtils class
[ 2025-10-16 02:36:19,747 ] 43  root - INFO - Exited the save_object method of MainUtils class
[ 2025-10-16 02:36:19,747 ] 39  root - INFO - Entered the save_object method of MainUtils class
[ 2025-10-16 02:36:19,756 ] 43  root - INFO - Exited the save_object method of MainUtils class
[ 2025-10-16 02:36:19,756 ] 113  root - INFO - Model trainer artifact:ModelTrainerArtifact(trained_model_file_path='Artifacts/10_16_2025_02_19_16/model_trainer/trained_model/model.pkl', train_metric_artifact=ClassificationMetricArtifact(f1_score=0.9904108206318765, precision_score=0.9871227364185111, recall_score=0.9937208831274053), test_metric_artifact=ClassificationMetricArtifact(f1_score=0.9776876267748479, precision_score=0.9678714859437751, recall_score=0.9877049180327869))
[ 2025-10-16 02:36:19,757 ] 135  root - INFO - Model training completed successfully.
[ 2025-10-16 02:36:19,757 ] 42  root - INFO - Model Training artifact created
