[ 2025-10-15 00:51:36,125 ] 1025  httpx - INFO - HTTP Request: GET https://dagshub.com/api/v1/user "HTTP/1.1 200 OK"
[ 2025-10-15 00:51:36,140 ] 107  dagshub - INFO - Accessing as Supreme337
[ 2025-10-15 00:51:37,624 ] 1025  httpx - INFO - HTTP Request: GET https://dagshub.com/api/v1/repos/Supreme337/NetworkSecurity "HTTP/1.1 200 OK"
[ 2025-10-15 00:51:38,884 ] 1025  httpx - INFO - HTTP Request: GET https://dagshub.com/api/v1/user "HTTP/1.1 200 OK"
[ 2025-10-15 00:51:38,886 ] 107  dagshub - INFO - Initialized MLflow to track repo "Supreme337/NetworkSecurity"
[ 2025-10-15 00:51:38,887 ] 107  dagshub - INFO - Repository Supreme337/NetworkSecurity initialized!
[ 2025-10-15 00:51:38,887 ] 20  root - INFO - Initiate the data ingestion
[ 2025-10-15 00:51:42,865 ] 60  root - INFO - Performed train test split on the dataframe
[ 2025-10-15 00:51:42,866 ] 61  root - INFO - Exited split_data_as_train_test method of Data_Ingestion class
[ 2025-10-15 00:51:42,866 ] 65  root - INFO - Exporting train and test file path.
[ 2025-10-15 00:51:43,024 ] 69  root - INFO - Exported train and test file path.
[ 2025-10-15 00:51:43,024 ] 22  root - INFO - Data Initiation Completed
[ 2025-10-15 00:51:43,061 ] 26  root - INFO - Initiate the data Validation
[ 2025-10-15 00:51:43,137 ] 30  root - INFO - No. of columns required for validation:2
[ 2025-10-15 00:51:43,137 ] 31  root - INFO - No of columns in dataframe31
[ 2025-10-15 00:51:43,137 ] 30  root - INFO - No. of columns required for validation:2
[ 2025-10-15 00:51:43,137 ] 31  root - INFO - No of columns in dataframe31
[ 2025-10-15 00:51:43,493 ] 28  root - INFO - data Validation Completed
[ 2025-10-15 00:51:43,494 ] 31  root - INFO - data Transformation started
[ 2025-10-15 00:51:43,494 ] 47  root - INFO - Started Data Trasnformation
[ 2025-10-15 00:51:43,685 ] 36  root - INFO - Entered get_data_trnasformer_object method of Transformation class
[ 2025-10-15 00:51:43,686 ] 39  root - INFO - Initialize KNNImputer with {'missing_values': nan, 'n_neighbors': 3, 'weights': 'uniform'}
[ 2025-10-15 00:51:43,781 ] 39  root - INFO - Entered the save_object method of MainUtils class
[ 2025-10-15 00:51:43,787 ] 43  root - INFO - Exited the save_object method of MainUtils class
[ 2025-10-15 00:51:43,788 ] 39  root - INFO - Entered the save_object method of MainUtils class
[ 2025-10-15 00:51:43,793 ] 43  root - INFO - Exited the save_object method of MainUtils class
[ 2025-10-15 00:51:43,797 ] 35  root - INFO - data Transformation completed
[ 2025-10-15 00:51:43,798 ] 37  root - INFO - Model Training started
[ 2025-10-15 00:51:43,800 ] 116  root - INFO - Starting model training...
