[ 2025-10-15 17:41:36,302 ] 1025  httpx - INFO - HTTP Request: GET https://dagshub.com/api/v1/user "HTTP/1.1 200 OK"
[ 2025-10-15 17:41:36,305 ] 107  dagshub - INFO - Accessing as Supreme337
[ 2025-10-15 17:41:37,510 ] 1025  httpx - INFO - HTTP Request: GET https://dagshub.com/api/v1/repos/Supreme337/NetworkSecurity "HTTP/1.1 200 OK"
[ 2025-10-15 17:41:38,755 ] 1025  httpx - INFO - HTTP Request: GET https://dagshub.com/api/v1/user "HTTP/1.1 200 OK"
[ 2025-10-15 17:41:38,756 ] 107  dagshub - INFO - Initialized MLflow to track repo "Supreme337/NetworkSecurity"
[ 2025-10-15 17:41:38,756 ] 107  dagshub - INFO - Repository Supreme337/NetworkSecurity initialized!
[ 2025-10-15 17:41:38,757 ] 20  root - INFO - Initiate the data ingestion
[ 2025-10-15 17:41:49,137 ] 60  root - INFO - Performed train test split on the dataframe
[ 2025-10-15 17:41:49,137 ] 61  root - INFO - Exited split_data_as_train_test method of Data_Ingestion class
[ 2025-10-15 17:41:49,137 ] 65  root - INFO - Exporting train and test file path.
[ 2025-10-15 17:41:49,179 ] 69  root - INFO - Exported train and test file path.
[ 2025-10-15 17:41:49,179 ] 22  root - INFO - Data Initiation Completed
[ 2025-10-15 17:41:49,183 ] 26  root - INFO - Initiate the data Validation
[ 2025-10-15 17:41:49,219 ] 30  root - INFO - No. of columns required for validation:2
[ 2025-10-15 17:41:49,219 ] 31  root - INFO - No of columns in dataframe31
[ 2025-10-15 17:41:49,219 ] 30  root - INFO - No. of columns required for validation:2
[ 2025-10-15 17:41:49,219 ] 31  root - INFO - No of columns in dataframe31
[ 2025-10-15 17:41:49,337 ] 28  root - INFO - data Validation Completed
[ 2025-10-15 17:41:49,337 ] 31  root - INFO - data Transformation started
[ 2025-10-15 17:41:49,337 ] 47  root - INFO - Started Data Trasnformation
[ 2025-10-15 17:41:49,352 ] 36  root - INFO - Entered get_data_trnasformer_object method of Transformation class
[ 2025-10-15 17:41:49,352 ] 39  root - INFO - Initialize KNNImputer with {'missing_values': nan, 'n_neighbors': 3, 'weights': 'uniform'}
[ 2025-10-15 17:41:49,358 ] 39  root - INFO - Entered the save_object method of MainUtils class
[ 2025-10-15 17:41:49,359 ] 43  root - INFO - Exited the save_object method of MainUtils class
[ 2025-10-15 17:41:49,360 ] 39  root - INFO - Entered the save_object method of MainUtils class
[ 2025-10-15 17:41:49,361 ] 43  root - INFO - Exited the save_object method of MainUtils class
[ 2025-10-15 17:41:49,362 ] 35  root - INFO - data Transformation completed
[ 2025-10-15 17:41:49,362 ] 37  root - INFO - Model Training started
[ 2025-10-15 17:41:49,374 ] 122  root - INFO - Starting model training...
