[ 2025-10-14 23:21:51,113 ] 1025  httpx - INFO - HTTP Request: GET https://dagshub.com/api/v1/user "HTTP/1.1 200 OK"
[ 2025-10-14 23:21:51,121 ] 107  dagshub - INFO - Accessing as Supreme337
[ 2025-10-14 23:21:52,574 ] 1025  httpx - INFO - HTTP Request: GET https://dagshub.com/api/v1/repos/Supreme337/NetworkSecurity "HTTP/1.1 200 OK"
[ 2025-10-14 23:21:53,861 ] 1025  httpx - INFO - HTTP Request: GET https://dagshub.com/api/v1/user "HTTP/1.1 200 OK"
[ 2025-10-14 23:21:53,863 ] 107  dagshub - INFO - Initialized MLflow to track repo "Supreme337/NetworkSecurity"
[ 2025-10-14 23:21:53,864 ] 107  dagshub - INFO - Repository Supreme337/NetworkSecurity initialized!
[ 2025-10-14 23:21:53,864 ] 20  root - INFO - Initiate the data ingestion
[ 2025-10-14 23:21:56,178 ] 60  root - INFO - Performed train test split on the dataframe
[ 2025-10-14 23:21:56,178 ] 61  root - INFO - Exited split_data_as_train_test method of Data_Ingestion class
[ 2025-10-14 23:21:56,178 ] 65  root - INFO - Exporting train and test file path.
[ 2025-10-14 23:21:56,279 ] 69  root - INFO - Exported train and test file path.
[ 2025-10-14 23:21:56,279 ] 22  root - INFO - Data Initiation Completed
[ 2025-10-14 23:21:56,297 ] 26  root - INFO - Initiate the data Validation
[ 2025-10-14 23:21:56,363 ] 30  root - INFO - No. of columns required for validation:2
[ 2025-10-14 23:21:56,363 ] 31  root - INFO - No of columns in dataframe31
[ 2025-10-14 23:21:56,363 ] 30  root - INFO - No. of columns required for validation:2
[ 2025-10-14 23:21:56,364 ] 31  root - INFO - No of columns in dataframe31
[ 2025-10-14 23:21:56,599 ] 28  root - INFO - data Validation Completed
[ 2025-10-14 23:21:56,600 ] 31  root - INFO - data Transformation started
[ 2025-10-14 23:21:56,600 ] 47  root - INFO - Started Data Trasnformation
[ 2025-10-14 23:21:56,646 ] 36  root - INFO - Entered get_data_trnasformer_object method of Transformation class
[ 2025-10-14 23:21:56,646 ] 39  root - INFO - Initialize KNNImputer with {'missing_values': nan, 'n_neighbors': 3, 'weights': 'uniform'}
[ 2025-10-14 23:21:56,678 ] 37  root - INFO - Entered the save_object method of MainUtils class
[ 2025-10-14 23:21:56,685 ] 41  root - INFO - Exited the save_object method of MainUtils class
[ 2025-10-14 23:21:56,685 ] 37  root - INFO - Entered the save_object method of MainUtils class
[ 2025-10-14 23:21:56,690 ] 41  root - INFO - Exited the save_object method of MainUtils class
[ 2025-10-14 23:21:56,692 ] 35  root - INFO - data Transformation completed
[ 2025-10-14 23:21:56,692 ] 37  root - INFO - Model Training sstared
[ 2025-10-14 23:21:56,694 ] 42  root - INFO - Model Training artifact created
