[ 2025-10-15 00:14:33,867 ] 1025  httpx - INFO - HTTP Request: GET https://dagshub.com/api/v1/user "HTTP/1.1 200 OK"
[ 2025-10-15 00:14:33,879 ] 107  dagshub - INFO - Accessing as Supreme337
[ 2025-10-15 00:14:35,607 ] 1025  httpx - INFO - HTTP Request: GET https://dagshub.com/api/v1/repos/Supreme337/NetworkSecurity "HTTP/1.1 200 OK"
[ 2025-10-15 00:14:36,939 ] 1025  httpx - INFO - HTTP Request: GET https://dagshub.com/api/v1/user "HTTP/1.1 200 OK"
[ 2025-10-15 00:14:36,941 ] 107  dagshub - INFO - Initialized MLflow to track repo "Supreme337/NetworkSecurity"
[ 2025-10-15 00:14:36,942 ] 107  dagshub - INFO - Repository Supreme337/NetworkSecurity initialized!
[ 2025-10-15 00:14:36,942 ] 20  root - INFO - Initiate the data ingestion
[ 2025-10-15 00:14:39,909 ] 60  root - INFO - Performed train test split on the dataframe
[ 2025-10-15 00:14:39,910 ] 61  root - INFO - Exited split_data_as_train_test method of Data_Ingestion class
[ 2025-10-15 00:14:39,910 ] 65  root - INFO - Exporting train and test file path.
[ 2025-10-15 00:14:40,031 ] 69  root - INFO - Exported train and test file path.
[ 2025-10-15 00:14:40,031 ] 22  root - INFO - Data Initiation Completed
[ 2025-10-15 00:14:40,046 ] 26  root - INFO - Initiate the data Validation
[ 2025-10-15 00:14:40,096 ] 30  root - INFO - No. of columns required for validation:2
[ 2025-10-15 00:14:40,096 ] 31  root - INFO - No of columns in dataframe31
[ 2025-10-15 00:14:40,097 ] 30  root - INFO - No. of columns required for validation:2
[ 2025-10-15 00:14:40,097 ] 31  root - INFO - No of columns in dataframe31
[ 2025-10-15 00:14:40,368 ] 28  root - INFO - data Validation Completed
[ 2025-10-15 00:14:40,368 ] 31  root - INFO - data Transformation started
[ 2025-10-15 00:14:40,368 ] 47  root - INFO - Started Data Trasnformation
[ 2025-10-15 00:14:40,417 ] 36  root - INFO - Entered get_data_trnasformer_object method of Transformation class
[ 2025-10-15 00:14:40,417 ] 39  root - INFO - Initialize KNNImputer with {'missing_values': nan, 'n_neighbors': 3, 'weights': 'uniform'}
[ 2025-10-15 00:14:40,439 ] 38  root - INFO - Entered the save_object method of MainUtils class
[ 2025-10-15 00:14:40,441 ] 42  root - INFO - Exited the save_object method of MainUtils class
[ 2025-10-15 00:14:40,442 ] 38  root - INFO - Entered the save_object method of MainUtils class
[ 2025-10-15 00:14:40,445 ] 42  root - INFO - Exited the save_object method of MainUtils class
[ 2025-10-15 00:14:40,447 ] 35  root - INFO - data Transformation completed
[ 2025-10-15 00:14:40,447 ] 37  root - INFO - Model Training started
[ 2025-10-15 00:14:40,449 ] 116  root - INFO - Starting model training...
