[ 2025-10-15 17:28:12,172 ] 1025  httpx - INFO - HTTP Request: GET https://dagshub.com/api/v1/user "HTTP/1.1 200 OK"
[ 2025-10-15 17:28:12,175 ] 107  dagshub - INFO - Accessing as Supreme337
[ 2025-10-15 17:28:13,403 ] 1025  httpx - INFO - HTTP Request: GET https://dagshub.com/api/v1/repos/Supreme337/NetworkSecurity "HTTP/1.1 200 OK"
[ 2025-10-15 17:28:15,551 ] 1025  httpx - INFO - HTTP Request: GET https://dagshub.com/api/v1/user "HTTP/1.1 200 OK"
[ 2025-10-15 17:28:15,551 ] 107  dagshub - INFO - Initialized MLflow to track repo "Supreme337/NetworkSecurity"
[ 2025-10-15 17:28:15,552 ] 107  dagshub - INFO - Repository Supreme337/NetworkSecurity initialized!
[ 2025-10-15 17:28:15,552 ] 20  root - INFO - Initiate the data ingestion
[ 2025-10-15 17:28:24,142 ] 60  root - INFO - Performed train test split on the dataframe
[ 2025-10-15 17:28:24,142 ] 61  root - INFO - Exited split_data_as_train_test method of Data_Ingestion class
[ 2025-10-15 17:28:24,142 ] 65  root - INFO - Exporting train and test file path.
[ 2025-10-15 17:28:24,185 ] 69  root - INFO - Exported train and test file path.
[ 2025-10-15 17:28:24,185 ] 22  root - INFO - Data Initiation Completed
[ 2025-10-15 17:28:24,197 ] 26  root - INFO - Initiate the data Validation
[ 2025-10-15 17:28:24,231 ] 30  root - INFO - No. of columns required for validation:2
[ 2025-10-15 17:28:24,232 ] 31  root - INFO - No of columns in dataframe31
[ 2025-10-15 17:28:24,232 ] 30  root - INFO - No. of columns required for validation:2
[ 2025-10-15 17:28:24,232 ] 31  root - INFO - No of columns in dataframe31
[ 2025-10-15 17:28:24,327 ] 28  root - INFO - data Validation Completed
[ 2025-10-15 17:28:24,327 ] 31  root - INFO - data Transformation started
[ 2025-10-15 17:28:24,327 ] 47  root - INFO - Started Data Trasnformation
[ 2025-10-15 17:28:24,342 ] 36  root - INFO - Entered get_data_trnasformer_object method of Transformation class
[ 2025-10-15 17:28:24,342 ] 39  root - INFO - Initialize KNNImputer with {'missing_values': nan, 'n_neighbors': 3, 'weights': 'uniform'}
[ 2025-10-15 17:28:24,348 ] 39  root - INFO - Entered the save_object method of MainUtils class
[ 2025-10-15 17:28:24,350 ] 43  root - INFO - Exited the save_object method of MainUtils class
[ 2025-10-15 17:28:24,350 ] 39  root - INFO - Entered the save_object method of MainUtils class
[ 2025-10-15 17:28:24,352 ] 43  root - INFO - Exited the save_object method of MainUtils class
[ 2025-10-15 17:28:24,352 ] 35  root - INFO - data Transformation completed
[ 2025-10-15 17:28:24,352 ] 37  root - INFO - Model Training started
[ 2025-10-15 17:28:24,364 ] 121  root - INFO - Starting model training...
