[ 2025-10-12 22:44:50,569 ] 1025  httpx - INFO - HTTP Request: GET https://dagshub.com/api/v1/user "HTTP/1.1 200 OK"
[ 2025-10-12 22:44:50,572 ] 107  dagshub - INFO - Accessing as Supreme337
[ 2025-10-12 22:44:51,974 ] 1025  httpx - INFO - HTTP Request: GET https://dagshub.com/api/v1/repos/Supreme337/NetworkSecurity "HTTP/1.1 200 OK"
[ 2025-10-12 22:44:53,106 ] 1025  httpx - INFO - HTTP Request: GET https://dagshub.com/api/v1/user "HTTP/1.1 200 OK"
[ 2025-10-12 22:44:53,108 ] 107  dagshub - INFO - Initialized MLflow to track repo "Supreme337/NetworkSecurity"
[ 2025-10-12 22:44:53,108 ] 107  dagshub - INFO - Repository Supreme337/NetworkSecurity initialized!
[ 2025-10-12 22:44:53,109 ] 20  root - INFO - Initiate the data ingestion
[ 2025-10-12 22:45:01,210 ] 60  root - INFO - Performed train test split on the dataframe
[ 2025-10-12 22:45:01,210 ] 61  root - INFO - Exited split_data_as_train_test method of Data_Ingestion class
[ 2025-10-12 22:45:01,211 ] 65  root - INFO - Exporting train and test file path.
[ 2025-10-12 22:45:01,250 ] 69  root - INFO - Exported train and test file path.
[ 2025-10-12 22:45:01,251 ] 22  root - INFO - Data Initiation Completed
[ 2025-10-12 22:45:01,255 ] 26  root - INFO - Initiate the data Validation
[ 2025-10-12 22:45:01,294 ] 30  root - INFO - No. of columns required for validation:2
[ 2025-10-12 22:45:01,294 ] 31  root - INFO - No of columns in dataframe31
[ 2025-10-12 22:45:01,294 ] 30  root - INFO - No. of columns required for validation:2
[ 2025-10-12 22:45:01,295 ] 31  root - INFO - No of columns in dataframe31
[ 2025-10-12 22:45:01,402 ] 28  root - INFO - data Validation Completed
[ 2025-10-12 22:45:01,402 ] 31  root - INFO - data Transformation started
[ 2025-10-12 22:45:01,402 ] 47  root - INFO - Started Data Trasnformation
[ 2025-10-12 22:45:01,418 ] 36  root - INFO - Entered get_data_trnasformer_object method of Transformation class
[ 2025-10-12 22:45:01,418 ] 39  root - INFO - Initialize KNNImputer with {'missing_values': nan, 'n_neighbors': 3, 'weights': 'uniform'}
[ 2025-10-12 22:45:01,426 ] 37  root - INFO - Entered the save_object method of MainUtils class
[ 2025-10-12 22:45:01,428 ] 41  root - INFO - Exited the save_object method of MainUtils class
[ 2025-10-12 22:45:01,429 ] 37  root - INFO - Entered the save_object method of MainUtils class
[ 2025-10-12 22:45:01,430 ] 41  root - INFO - Exited the save_object method of MainUtils class
[ 2025-10-12 22:45:01,431 ] 35  root - INFO - data Transformation completed
[ 2025-10-12 22:45:01,431 ] 37  root - INFO - Model Training sstared
[ 2025-10-12 22:45:01,444 ] 42  root - INFO - Model Training artifact created
