[ 2025-10-12 22:36:12,157 ] 1025  httpx - INFO - HTTP Request: POST https://dagshub.com/login/oauth/middleman "HTTP/1.1 200 OK"
[ 2025-10-12 22:36:13,336 ] 1025  httpx - INFO - HTTP Request: POST https://dagshub.com/login/oauth/access_token "HTTP/1.1 200 OK"
[ 2025-10-12 22:36:14,469 ] 1025  httpx - INFO - HTTP Request: GET https://dagshub.com/api/v1/user "HTTP/1.1 200 OK"
[ 2025-10-12 22:36:14,471 ] 107  dagshub - INFO - Accessing as Supreme337
[ 2025-10-12 22:36:15,641 ] 1025  httpx - INFO - HTTP Request: GET https://dagshub.com/api/v1/repos/Supreme337/NetworkSecurity "HTTP/1.1 200 OK"
[ 2025-10-12 22:36:16,751 ] 1025  httpx - INFO - HTTP Request: GET https://dagshub.com/api/v1/user "HTTP/1.1 200 OK"
[ 2025-10-12 22:36:16,753 ] 107  dagshub - INFO - Initialized MLflow to track repo "Supreme337/NetworkSecurity"
[ 2025-10-12 22:36:16,753 ] 107  dagshub - INFO - Repository Supreme337/NetworkSecurity initialized!
[ 2025-10-12 22:36:16,753 ] 20  root - INFO - Initiate the data ingestion
[ 2025-10-12 22:36:27,985 ] 60  root - INFO - Performed train test split on the dataframe
[ 2025-10-12 22:36:27,985 ] 61  root - INFO - Exited split_data_as_train_test method of Data_Ingestion class
[ 2025-10-12 22:36:27,985 ] 65  root - INFO - Exporting train and test file path.
[ 2025-10-12 22:36:28,025 ] 69  root - INFO - Exported train and test file path.
[ 2025-10-12 22:36:28,026 ] 22  root - INFO - Data Initiation Completed
[ 2025-10-12 22:36:28,038 ] 26  root - INFO - Initiate the data Validation
[ 2025-10-12 22:36:28,066 ] 30  root - INFO - No. of columns required for validation:2
[ 2025-10-12 22:36:28,066 ] 31  root - INFO - No of columns in dataframe31
[ 2025-10-12 22:36:28,066 ] 30  root - INFO - No. of columns required for validation:2
[ 2025-10-12 22:36:28,066 ] 31  root - INFO - No of columns in dataframe31
[ 2025-10-12 22:36:28,158 ] 28  root - INFO - data Validation Completed
[ 2025-10-12 22:36:28,158 ] 31  root - INFO - data Transformation started
[ 2025-10-12 22:36:28,158 ] 47  root - INFO - Started Data Trasnformation
[ 2025-10-12 22:36:28,174 ] 36  root - INFO - Entered get_data_trnasformer_object method of Transformation class
[ 2025-10-12 22:36:28,174 ] 39  root - INFO - Initialize KNNImputer with {'missing_values': nan, 'n_neighbors': 3, 'weights': 'uniform'}
[ 2025-10-12 22:36:28,181 ] 37  root - INFO - Entered the save_object method of MainUtils class
[ 2025-10-12 22:36:28,183 ] 41  root - INFO - Exited the save_object method of MainUtils class
[ 2025-10-12 22:36:28,183 ] 37  root - INFO - Entered the save_object method of MainUtils class
[ 2025-10-12 22:36:28,185 ] 41  root - INFO - Exited the save_object method of MainUtils class
[ 2025-10-12 22:36:28,185 ] 35  root - INFO - data Transformation completed
[ 2025-10-12 22:36:28,185 ] 37  root - INFO - Model Training sstared
[ 2025-10-12 22:36:28,199 ] 42  root - INFO - Model Training artifact created
