[ 2025-10-12 22:41:02,715 ] 1025  httpx - INFO - HTTP Request: GET https://dagshub.com/api/v1/user "HTTP/1.1 200 OK"
[ 2025-10-12 22:41:02,717 ] 107  dagshub - INFO - Accessing as Supreme337
[ 2025-10-12 22:41:03,914 ] 1025  httpx - INFO - HTTP Request: GET https://dagshub.com/api/v1/repos/Supreme337/NetworkSecurity "HTTP/1.1 200 OK"
[ 2025-10-12 22:41:05,018 ] 1025  httpx - INFO - HTTP Request: GET https://dagshub.com/api/v1/user "HTTP/1.1 200 OK"
[ 2025-10-12 22:41:05,019 ] 107  dagshub - INFO - Initialized MLflow to track repo "Supreme337/NetworkSecurity"
[ 2025-10-12 22:41:05,019 ] 107  dagshub - INFO - Repository Supreme337/NetworkSecurity initialized!
[ 2025-10-12 22:41:05,020 ] 20  root - INFO - Initiate the data ingestion
[ 2025-10-12 22:41:20,312 ] 60  root - INFO - Performed train test split on the dataframe
[ 2025-10-12 22:41:20,312 ] 61  root - INFO - Exited split_data_as_train_test method of Data_Ingestion class
[ 2025-10-12 22:41:20,312 ] 65  root - INFO - Exporting train and test file path.
[ 2025-10-12 22:41:20,354 ] 69  root - INFO - Exported train and test file path.
[ 2025-10-12 22:41:20,354 ] 22  root - INFO - Data Initiation Completed
[ 2025-10-12 22:41:20,367 ] 26  root - INFO - Initiate the data Validation
[ 2025-10-12 22:41:20,404 ] 30  root - INFO - No. of columns required for validation:2
[ 2025-10-12 22:41:20,404 ] 31  root - INFO - No of columns in dataframe31
[ 2025-10-12 22:41:20,404 ] 30  root - INFO - No. of columns required for validation:2
[ 2025-10-12 22:41:20,404 ] 31  root - INFO - No of columns in dataframe31
[ 2025-10-12 22:41:20,523 ] 28  root - INFO - data Validation Completed
[ 2025-10-12 22:41:20,523 ] 31  root - INFO - data Transformation started
[ 2025-10-12 22:41:20,523 ] 47  root - INFO - Started Data Trasnformation
[ 2025-10-12 22:41:20,540 ] 36  root - INFO - Entered get_data_trnasformer_object method of Transformation class
[ 2025-10-12 22:41:20,541 ] 39  root - INFO - Initialize KNNImputer with {'missing_values': nan, 'n_neighbors': 3, 'weights': 'uniform'}
[ 2025-10-12 22:41:20,552 ] 37  root - INFO - Entered the save_object method of MainUtils class
[ 2025-10-12 22:41:20,555 ] 41  root - INFO - Exited the save_object method of MainUtils class
[ 2025-10-12 22:41:20,555 ] 37  root - INFO - Entered the save_object method of MainUtils class
[ 2025-10-12 22:41:20,557 ] 41  root - INFO - Exited the save_object method of MainUtils class
[ 2025-10-12 22:41:20,557 ] 35  root - INFO - data Transformation completed
[ 2025-10-12 22:41:20,558 ] 37  root - INFO - Model Training sstared
[ 2025-10-12 22:41:20,569 ] 42  root - INFO - Model Training artifact created
