[ 2025-10-12 21:48:26,597 ] 20  root - INFO - Initiate the data ingestion
[ 2025-10-12 21:48:36,251 ] 60  root - INFO - Performed train test split on the dataframe
[ 2025-10-12 21:48:36,251 ] 61  root - INFO - Exited split_data_as_train_test method of Data_Ingestion class
[ 2025-10-12 21:48:36,251 ] 65  root - INFO - Exporting train and test file path.
[ 2025-10-12 21:48:36,291 ] 69  root - INFO - Exported train and test file path.
[ 2025-10-12 21:48:36,292 ] 22  root - INFO - Data Initiation Completed
[ 2025-10-12 21:48:36,296 ] 26  root - INFO - Initiate the data Validation
[ 2025-10-12 21:48:36,331 ] 30  root - INFO - No. of columns required for validation:2
[ 2025-10-12 21:48:36,331 ] 31  root - INFO - No of columns in dataframe31
[ 2025-10-12 21:48:36,331 ] 30  root - INFO - No. of columns required for validation:2
[ 2025-10-12 21:48:36,331 ] 31  root - INFO - No of columns in dataframe31
[ 2025-10-12 21:48:36,438 ] 28  root - INFO - data Validation Completed
[ 2025-10-12 21:48:36,439 ] 31  root - INFO - data Transformation started
[ 2025-10-12 21:48:36,439 ] 47  root - INFO - Started Data Trasnformation
[ 2025-10-12 21:48:36,453 ] 36  root - INFO - Entered get_data_trnasformer_object method of Transformation class
[ 2025-10-12 21:48:36,453 ] 39  root - INFO - Initialize KNNImputer with {'missing_values': nan, 'n_neighbors': 3, 'weights': 'uniform'}
[ 2025-10-12 21:48:36,460 ] 37  root - INFO - Entered the save_object method of MainUtils class
[ 2025-10-12 21:48:36,462 ] 41  root - INFO - Exited the save_object method of MainUtils class
[ 2025-10-12 21:48:36,462 ] 37  root - INFO - Entered the save_object method of MainUtils class
[ 2025-10-12 21:48:36,464 ] 41  root - INFO - Exited the save_object method of MainUtils class
[ 2025-10-12 21:48:36,464 ] 35  root - INFO - data Transformation completed
[ 2025-10-12 21:48:36,465 ] 37  root - INFO - Model Training sstared
[ 2025-10-12 21:48:36,476 ] 42  root - INFO - Model Training artifact created
