[ 2025-10-15 17:02:01,219 ] 1025  httpx - INFO - HTTP Request: GET https://dagshub.com/api/v1/user "HTTP/1.1 200 OK"
[ 2025-10-15 17:02:01,222 ] 107  dagshub - INFO - Accessing as Supreme337
[ 2025-10-15 17:02:02,411 ] 1025  httpx - INFO - HTTP Request: GET https://dagshub.com/api/v1/repos/Supreme337/NetworkSecurity "HTTP/1.1 200 OK"
[ 2025-10-15 17:02:04,225 ] 1025  httpx - INFO - HTTP Request: GET https://dagshub.com/api/v1/user "HTTP/1.1 200 OK"
[ 2025-10-15 17:02:04,226 ] 107  dagshub - INFO - Initialized MLflow to track repo "Supreme337/NetworkSecurity"
[ 2025-10-15 17:02:04,227 ] 107  dagshub - INFO - Repository Supreme337/NetworkSecurity initialized!
[ 2025-10-15 17:02:04,227 ] 20  root - INFO - Initiate the data ingestion
[ 2025-10-15 17:02:13,543 ] 60  root - INFO - Performed train test split on the dataframe
[ 2025-10-15 17:02:13,543 ] 61  root - INFO - Exited split_data_as_train_test method of Data_Ingestion class
[ 2025-10-15 17:02:13,543 ] 65  root - INFO - Exporting train and test file path.
[ 2025-10-15 17:02:13,585 ] 69  root - INFO - Exported train and test file path.
[ 2025-10-15 17:02:13,586 ] 22  root - INFO - Data Initiation Completed
[ 2025-10-15 17:02:13,597 ] 26  root - INFO - Initiate the data Validation
[ 2025-10-15 17:02:13,631 ] 30  root - INFO - No. of columns required for validation:2
[ 2025-10-15 17:02:13,631 ] 31  root - INFO - No of columns in dataframe31
[ 2025-10-15 17:02:13,631 ] 30  root - INFO - No. of columns required for validation:2
[ 2025-10-15 17:02:13,631 ] 31  root - INFO - No of columns in dataframe31
[ 2025-10-15 17:02:13,739 ] 28  root - INFO - data Validation Completed
[ 2025-10-15 17:02:13,739 ] 31  root - INFO - data Transformation started
[ 2025-10-15 17:02:13,739 ] 47  root - INFO - Started Data Trasnformation
[ 2025-10-15 17:02:13,753 ] 36  root - INFO - Entered get_data_trnasformer_object method of Transformation class
[ 2025-10-15 17:02:13,753 ] 39  root - INFO - Initialize KNNImputer with {'missing_values': nan, 'n_neighbors': 3, 'weights': 'uniform'}
[ 2025-10-15 17:02:13,760 ] 39  root - INFO - Entered the save_object method of MainUtils class
[ 2025-10-15 17:02:13,762 ] 43  root - INFO - Exited the save_object method of MainUtils class
[ 2025-10-15 17:02:13,762 ] 39  root - INFO - Entered the save_object method of MainUtils class
[ 2025-10-15 17:02:13,763 ] 43  root - INFO - Exited the save_object method of MainUtils class
[ 2025-10-15 17:02:13,764 ] 35  root - INFO - data Transformation completed
[ 2025-10-15 17:02:13,764 ] 37  root - INFO - Model Training started
[ 2025-10-15 17:02:13,775 ] 120  root - INFO - Starting model training...
