[ 2025-10-15 18:33:50,552 ] 1025  httpx - INFO - HTTP Request: GET https://dagshub.com/api/v1/user "HTTP/1.1 429 Too Many Requests"
[ 2025-10-15 18:33:57,312 ] 1025  httpx - INFO - HTTP Request: POST https://dagshub.com/login/oauth/middleman "HTTP/1.1 200 OK"
[ 2025-10-15 18:33:58,600 ] 1025  httpx - INFO - HTTP Request: POST https://dagshub.com/login/oauth/access_token "HTTP/1.1 200 OK"
[ 2025-10-15 18:33:59,746 ] 1025  httpx - INFO - HTTP Request: GET https://dagshub.com/api/v1/user "HTTP/1.1 200 OK"
[ 2025-10-15 18:33:59,748 ] 107  dagshub - INFO - Accessing as Supreme337
[ 2025-10-15 18:34:01,072 ] 1025  httpx - INFO - HTTP Request: GET https://dagshub.com/api/v1/repos/Supreme337/NetworkSecurity "HTTP/1.1 200 OK"
[ 2025-10-15 18:34:02,871 ] 1025  httpx - INFO - HTTP Request: GET https://dagshub.com/api/v1/user "HTTP/1.1 200 OK"
[ 2025-10-15 18:34:02,872 ] 107  dagshub - INFO - Initialized MLflow to track repo "Supreme337/NetworkSecurity"
[ 2025-10-15 18:34:02,873 ] 107  dagshub - INFO - Repository Supreme337/NetworkSecurity initialized!
[ 2025-10-15 18:34:02,873 ] 20  root - INFO - Initiate the data ingestion
[ 2025-10-15 18:34:11,238 ] 60  root - INFO - Performed train test split on the dataframe
[ 2025-10-15 18:34:11,238 ] 61  root - INFO - Exited split_data_as_train_test method of Data_Ingestion class
[ 2025-10-15 18:34:11,239 ] 65  root - INFO - Exporting train and test file path.
[ 2025-10-15 18:34:11,282 ] 69  root - INFO - Exported train and test file path.
[ 2025-10-15 18:34:11,282 ] 22  root - INFO - Data Initiation Completed
[ 2025-10-15 18:34:11,287 ] 26  root - INFO - Initiate the data Validation
[ 2025-10-15 18:34:11,324 ] 30  root - INFO - No. of columns required for validation:2
[ 2025-10-15 18:34:11,324 ] 31  root - INFO - No of columns in dataframe31
[ 2025-10-15 18:34:11,324 ] 30  root - INFO - No. of columns required for validation:2
[ 2025-10-15 18:34:11,324 ] 31  root - INFO - No of columns in dataframe31
[ 2025-10-15 18:34:11,427 ] 28  root - INFO - data Validation Completed
[ 2025-10-15 18:34:11,428 ] 31  root - INFO - data Transformation started
[ 2025-10-15 18:34:11,428 ] 47  root - INFO - Started Data Trasnformation
[ 2025-10-15 18:34:11,444 ] 36  root - INFO - Entered get_data_trnasformer_object method of Transformation class
[ 2025-10-15 18:34:11,444 ] 39  root - INFO - Initialize KNNImputer with {'missing_values': nan, 'n_neighbors': 3, 'weights': 'uniform'}
[ 2025-10-15 18:34:11,451 ] 39  root - INFO - Entered the save_object method of MainUtils class
[ 2025-10-15 18:34:11,452 ] 43  root - INFO - Exited the save_object method of MainUtils class
[ 2025-10-15 18:34:11,453 ] 39  root - INFO - Entered the save_object method of MainUtils class
[ 2025-10-15 18:34:11,454 ] 43  root - INFO - Exited the save_object method of MainUtils class
[ 2025-10-15 18:34:11,455 ] 35  root - INFO - data Transformation completed
[ 2025-10-15 18:34:11,455 ] 37  root - INFO - Model Training started
[ 2025-10-15 18:34:11,468 ] 143  root - INFO - Starting model training...
[ 2025-10-15 18:44:05,846 ] 56  root - INFO - Model logged as an artifact (DagsHub-compatible).
[ 2025-10-15 18:46:37,567 ] 56  root - INFO - Model logged as an artifact (DagsHub-compatible).
[ 2025-10-15 18:46:38,309 ] 39  root - INFO - Entered the save_object method of MainUtils class
[ 2025-10-15 18:46:38,338 ] 43  root - INFO - Exited the save_object method of MainUtils class
[ 2025-10-15 18:46:38,339 ] 39  root - INFO - Entered the save_object method of MainUtils class
[ 2025-10-15 18:46:38,366 ] 43  root - INFO - Exited the save_object method of MainUtils class
