[ 2025-10-14 23:30:41,251 ] 1025  httpx - INFO - HTTP Request: GET https://dagshub.com/api/v1/user "HTTP/1.1 200 OK"
[ 2025-10-14 23:30:41,262 ] 107  dagshub - INFO - Accessing as Supreme337
[ 2025-10-14 23:30:42,685 ] 1025  httpx - INFO - HTTP Request: GET https://dagshub.com/api/v1/repos/Supreme337/NetworkSecurity "HTTP/1.1 200 OK"
[ 2025-10-14 23:30:44,118 ] 1025  httpx - INFO - HTTP Request: GET https://dagshub.com/api/v1/user "HTTP/1.1 200 OK"
[ 2025-10-14 23:30:44,120 ] 107  dagshub - INFO - Initialized MLflow to track repo "Supreme337/NetworkSecurity"
[ 2025-10-14 23:30:44,120 ] 107  dagshub - INFO - Repository Supreme337/NetworkSecurity initialized!
[ 2025-10-14 23:30:44,120 ] 20  root - INFO - Initiate the data ingestion
[ 2025-10-14 23:30:46,629 ] 60  root - INFO - Performed train test split on the dataframe
[ 2025-10-14 23:30:46,630 ] 61  root - INFO - Exited split_data_as_train_test method of Data_Ingestion class
[ 2025-10-14 23:30:46,630 ] 65  root - INFO - Exporting train and test file path.
[ 2025-10-14 23:30:46,731 ] 69  root - INFO - Exported train and test file path.
[ 2025-10-14 23:30:46,732 ] 22  root - INFO - Data Initiation Completed
[ 2025-10-14 23:30:46,744 ] 26  root - INFO - Initiate the data Validation
[ 2025-10-14 23:30:46,789 ] 30  root - INFO - No. of columns required for validation:2
[ 2025-10-14 23:30:46,789 ] 31  root - INFO - No of columns in dataframe31
[ 2025-10-14 23:30:46,789 ] 30  root - INFO - No. of columns required for validation:2
[ 2025-10-14 23:30:46,789 ] 31  root - INFO - No of columns in dataframe31
[ 2025-10-14 23:30:47,023 ] 28  root - INFO - data Validation Completed
[ 2025-10-14 23:30:47,023 ] 31  root - INFO - data Transformation started
[ 2025-10-14 23:30:47,024 ] 47  root - INFO - Started Data Trasnformation
[ 2025-10-14 23:30:47,071 ] 36  root - INFO - Entered get_data_trnasformer_object method of Transformation class
[ 2025-10-14 23:30:47,071 ] 39  root - INFO - Initialize KNNImputer with {'missing_values': nan, 'n_neighbors': 3, 'weights': 'uniform'}
[ 2025-10-14 23:30:47,092 ] 37  root - INFO - Entered the save_object method of MainUtils class
[ 2025-10-14 23:30:47,095 ] 41  root - INFO - Exited the save_object method of MainUtils class
[ 2025-10-14 23:30:47,095 ] 37  root - INFO - Entered the save_object method of MainUtils class
[ 2025-10-14 23:30:47,097 ] 41  root - INFO - Exited the save_object method of MainUtils class
[ 2025-10-14 23:30:47,099 ] 35  root - INFO - data Transformation completed
[ 2025-10-14 23:30:47,099 ] 37  root - INFO - Model Training started
[ 2025-10-14 23:30:47,100 ] 116  root - INFO - Starting model training...
