[ 2025-10-14 23:16:24,855 ] 1025  httpx - INFO - HTTP Request: GET https://dagshub.com/api/v1/user "HTTP/1.1 200 OK"
[ 2025-10-14 23:16:24,868 ] 107  dagshub - INFO - Accessing as Supreme337
[ 2025-10-14 23:16:26,494 ] 1025  httpx - INFO - HTTP Request: GET https://dagshub.com/api/v1/repos/Supreme337/NetworkSecurity "HTTP/1.1 200 OK"
[ 2025-10-14 23:16:28,208 ] 1025  httpx - INFO - HTTP Request: GET https://dagshub.com/api/v1/user "HTTP/1.1 200 OK"
[ 2025-10-14 23:16:28,210 ] 107  dagshub - INFO - Initialized MLflow to track repo "Supreme337/NetworkSecurity"
[ 2025-10-14 23:16:28,211 ] 107  dagshub - INFO - Repository Supreme337/NetworkSecurity initialized!
[ 2025-10-14 23:16:28,211 ] 20  root - INFO - Initiate the data ingestion
[ 2025-10-14 23:16:31,059 ] 60  root - INFO - Performed train test split on the dataframe
[ 2025-10-14 23:16:31,059 ] 61  root - INFO - Exited split_data_as_train_test method of Data_Ingestion class
[ 2025-10-14 23:16:31,059 ] 65  root - INFO - Exporting train and test file path.
[ 2025-10-14 23:16:31,159 ] 69  root - INFO - Exported train and test file path.
[ 2025-10-14 23:16:31,159 ] 22  root - INFO - Data Initiation Completed
[ 2025-10-14 23:16:31,172 ] 26  root - INFO - Initiate the data Validation
[ 2025-10-14 23:16:31,230 ] 30  root - INFO - No. of columns required for validation:2
[ 2025-10-14 23:16:31,230 ] 31  root - INFO - No of columns in dataframe31
[ 2025-10-14 23:16:31,230 ] 30  root - INFO - No. of columns required for validation:2
[ 2025-10-14 23:16:31,231 ] 31  root - INFO - No of columns in dataframe31
[ 2025-10-14 23:16:31,440 ] 28  root - INFO - data Validation Completed
[ 2025-10-14 23:16:31,440 ] 31  root - INFO - data Transformation started
[ 2025-10-14 23:16:31,440 ] 47  root - INFO - Started Data Trasnformation
[ 2025-10-14 23:16:31,488 ] 36  root - INFO - Entered get_data_trnasformer_object method of Transformation class
[ 2025-10-14 23:16:31,488 ] 39  root - INFO - Initialize KNNImputer with {'missing_values': nan, 'n_neighbors': 3, 'weights': 'uniform'}
[ 2025-10-14 23:16:31,509 ] 37  root - INFO - Entered the save_object method of MainUtils class
[ 2025-10-14 23:16:31,511 ] 41  root - INFO - Exited the save_object method of MainUtils class
[ 2025-10-14 23:16:31,511 ] 37  root - INFO - Entered the save_object method of MainUtils class
